<?xml version="1.0" encoding="UTF-8"?>
<robot generator="Robot 6.1.1 (Python 3.12.0 on win32)" generated="20231216 20:02:17.942" rpa="false" schemaversion="4">
<suite id="s1" name="Hello" source="C:\QAx\projects\walkdog-robot\hello.robot">
<test id="s1-t1" name="Deve mostrar uma mensagem de boas vindas" line="5">
<kw name="Log To Console" library="BuiltIn">
<arg>Hello Robot</arg>
<doc>Logs the given message to the console.</doc>
<status status="PASS" starttime="20231216 20:02:17.960" endtime="20231216 20:02:17.960"/>
</kw>
<status status="PASS" starttime="20231216 20:02:17.960" endtime="20231216 20:02:17.961"/>
</test>
<doc>Meu primeiro teste em Robot Framework</doc>
<status status="PASS" starttime="20231216 20:02:17.943" endtime="20231216 20:02:17.961"/>
</suite>
<statistics>
<total>
<stat pass="1" fail="0" skip="0">All Tests</stat>
</total>
<tag>
</tag>
<suite>
<stat pass="1" fail="0" skip="0" id="s1" name="Hello">Hello</stat>
</suite>
</statistics>
<errors>
</errors>
</robot>
